<?xml version="1.0" encoding="UTF-8"?>
<!-- Generated by org.testng.reporters.JUnitXMLReporter -->
<testsuite ignored="0" hostname="LAPTOP-TT1KHOTN" failures="0" tests="4" name="PaypalAPITest" time="11.539" errors="0" timestamp="2020-03-27T20:04:34 CET">
  <testcase classname="com.paypal.APIrough.TestPaypal" name="getAuthKey" time="5.594"/>
  <testcase classname="com.paypal.APIrough.TestPaypal" name="createOrder" time="3.002"/>
  <testcase classname="com.paypal.APIrough.TestPaypal" name="updateOrder" time="1.493"/>
  <testcase classname="com.paypal.APIrough.TestPaypal" name="getOrder" time="1.365"/>
</testsuite> <!-- PaypalAPITest -->
